<?xml version="1.0" encoding="UTF-8"?>
<testng-results skipped="0" failed="0" ignored="0" total="3" passed="3">
  <reporter-output>
  </reporter-output>
  <suite name="Default suite" duration-ms="50191" started-at="2018-07-02T01:19:08Z" finished-at="2018-07-02T01:19:58Z">
    <groups>
    </groups>
    <test name="Default test" duration-ms="50191" started-at="2018-07-02T01:19:08Z" finished-at="2018-07-02T01:19:58Z">
      <class name="intuitionsoftech.ExcelLib">
        <test-method status="PASS" signature="setup()[pri:0, instance:intuitionsoftech.ExcelLib@1ce92674]" name="setup" is-config="true" duration-ms="177" started-at="2018-07-02T01:19:08Z" finished-at="2018-07-02T01:19:08Z">
          <reporter-output>
          </reporter-output>
        </test-method> <!-- setup -->
        <test-method status="PASS" signature="failedTest()[pri:0, instance:intuitionsoftech.ExcelLib@1ce92674]" name="failedTest" duration-ms="327" started-at="2018-07-02T01:19:08Z" finished-at="2018-07-02T01:19:08Z">
          <reporter-output>
          </reporter-output>
        </test-method> <!-- failedTest -->
        <test-method status="PASS" signature="japaneseMassage()[pri:0, instance:intuitionsoftech.ExcelLib@1ce92674]" name="japaneseMassage" duration-ms="13815" started-at="2018-07-02T01:19:08Z" finished-at="2018-07-02T01:19:22Z">
          <reporter-output>
          </reporter-output>
        </test-method> <!-- japaneseMassage -->
        <test-method status="PASS" signature="readData()[pri:0, instance:intuitionsoftech.ExcelLib@1ce92674]" name="readData" duration-ms="35851" started-at="2018-07-02T01:19:22Z" finished-at="2018-07-02T01:19:58Z">
          <reporter-output>
          </reporter-output>
        </test-method> <!-- readData -->
      </class> <!-- intuitionsoftech.ExcelLib -->
    </test> <!-- Default test -->
  </suite> <!-- Default suite -->
</testng-results>
