<?xml version="1.0" encoding="UTF-8"?>
<!-- Generated by org.testng.reporters.JUnitXMLReporter -->
<testsuite hostname="LAPTOP-PPEIE3H2" ignored="0" tests="0" failures="0" timestamp="29 Jun 2018 12:52:34 GMT" time="29.885" errors="0">
  <testcase name="@BeforeTest setup" time="29.84" classname="intuitionsoftech.Login">
    <failure type="java.lang.NullPointerException">
      <![CDATA[java.lang.NullPointerException
at intuitionsoftech.ExcelLib.getCellData(ExcelLib.java:33)
at intuitionsoftech.Login.setup(Login.java:36)
... Removed 24 stack frames]]>
    </failure>
  </testcase> <!-- @BeforeTest setup -->
  <testcase name="@AfterTest teardown" time="0.0" classname="intuitionsoftech.Login">
    <skipped/>
  </testcase> <!-- @AfterTest teardown -->
</testsuite>
