<?xml version="1.0" encoding="UTF-8"?>
<!-- Generated by org.testng.reporters.JUnitXMLReporter -->
<testsuite hostname="LAPTOP-PPEIE3H2" ignored="0" name="Default test" tests="3" failures="0" timestamp="02 Jul 2018 01:19:58 GMT" time="50.191" errors="0">
  <testcase name="failedTest" time="0.327" classname="intuitionsoftech.ExcelLib"/>
  <testcase name="japaneseMassage" time="13.815" classname="intuitionsoftech.ExcelLib"/>
  <testcase name="readData" time="35.851" classname="intuitionsoftech.ExcelLib"/>
</testsuite> <!-- Default test -->
